#
# There is insufficient memory for the Java Runtime Environment to continue.
# Native memory allocation (malloc) failed to allocate 1076784 bytes for Chunk::new
# Possible reasons:
#   The system is out of physical RAM or swap space
#   The process is running with CompressedOops enabled, and the Java Heap may be blocking the growth of the native heap
# Possible solutions:
#   Reduce memory load on the system
#   Increase physical memory or swap space
#   Check if swap backing store is full
#   Decrease Java heap size (-Xmx/-Xms)
#   Decrease number of Java threads
#   Decrease Java thread stack sizes (-Xss)
#   Set larger code cache with -XX:ReservedCodeCacheSize=
#   JVM is running with Unscaled Compressed Oops mode in which the Java heap is
#     placed in the first 4GB address space. The Java Heap base address is the
#     maximum limit for the native heap growth. Please use -XX:HeapBaseMinAddress
#     to set the Java Heap base and to place the Java Heap above 4GB virtual address.
# This output file may be truncated or incomplete.
#
#  Out of Memory Error (arena.cpp:189), pid=20992, tid=8356
#
# JRE version: OpenJDK Runtime Environment (17.0.1+12) (build 17.0.1+12-39)
# Java VM: OpenJDK 64-Bit Server VM (17.0.1+12-39, mixed mode, sharing, tiered, compressed oops, compressed class ptrs, g1 gc, windows-amd64)
# No core dump will be written. Minidumps are not enabled by default on client versions of Windows
#

---------------  S U M M A R Y ------------

Command Line: -javaagent:D:\Intiliji\Program\Intiliji Program\IntelliJ IDEA Community Edition 2021.1.2\lib\idea_rt.jar=59692:D:\Intiliji\Program\Intiliji Program\IntelliJ IDEA Community Edition 2021.1.2\bin -Dfile.encoding=UTF-8 --module-path=D:\Intiliji\AllProject\JAVA_FX_Toturials\SalePoint\target\classes;C:\Users\ayash\.m2\repository\org\openjfx\javafx-controls\15.0.1\javafx-controls-15.0.1.jar;C:\Users\ayash\.m2\repository\org\openjfx\javafx-controls\15.0.1\javafx-controls-15.0.1-win.jar;C:\Users\ayash\.m2\repository\org\openjfx\javafx-graphics\15.0.1\javafx-graphics-15.0.1.jar;C:\Users\ayash\.m2\repository\org\openjfx\javafx-graphics\15.0.1\javafx-graphics-15.0.1-win.jar;C:\Users\ayash\.m2\repository\org\openjfx\javafx-base\15.0.1\javafx-base-15.0.1.jar;C:\Users\ayash\.m2\repository\org\openjfx\javafx-base\15.0.1\javafx-base-15.0.1-win.jar;C:\Users\ayash\.m2\repository\org\openjfx\javafx-fxml\15.0.1\javafx-fxml-15.0.1.jar;C:\Users\ayash\.m2\repository\org\openjfx\javafx-fxml\15.0.1\javafx-fxml-15.0.1-win.jar;C:\Users\ayash\.m2\repository\mysql\mysql-connector-java\8.0.25\mysql-connector-java-8.0.25.jar;C:\Users\ayash\.m2\repository\com\google\protobuf\protobuf-java\3.11.4\protobuf-java-3.11.4.jar;C:\Users\ayash\.m2\repository\de\jensd\fontawesomefx-fontawesome\4.7.0-9.1.2\fontawesomefx-fontawesome-4.7.0-9.1.2.jar;C:\Users\ayash\.m2\repository\de\jensd\fontawesomefx-commons\9.1.2\fontawesomefx-commons-9.1.2.jar;C:\Users\ayash\.m2\repository\com\jfoenix\jfoenix\9.0.1\jfoenix-9.0.1.jar;D:\Intiliji\jar_files\JMetro\javafx-web-11.jar;D:\Intiliji\jar_files\JMetro\jmetro-11.6.15.jar;D:\Intiliji\jar_files\JMetro\javafx-media-11.jar;D:\Intiliji\jar_files\JMetro\controlsfx-11.0.0.jar;D:\Intiliji\jar_files\JMetro\javafx-base-11.0.2.jar;D:\Intiliji\jar_files\JMetro\javafx-controls-11.jar;D:\Intiliji\jar_files\JMetro\javafx-web-11-linux.jar;D:\Intiliji\jar_files\JMetro\javafx-media-11-linux.jar;D:\Intiliji\jar_files\JMetro\javafx-base-11.0.2-win.jar;D:\Intiliji\jar_files\JMetro\javafx-graphics-11.0.2.jar;D:\Intiliji\jar_files\JMetro\javafx-base-11.0.2-linux.jar;D:\Intiliji\jar_files\JMetro\javafx-controls-11.0.2-win.jar;D:\Intiliji\jar_files\JMetro\javafx-graphics-11.0.2-win.jar;D:\Intiliji\jar_fi-Djdk.module.main=org.example org.example/org.example.App

Host: Intel(R) Core(TM) i7-8550U CPU @ 1.80GHz, 8 cores, 7G,  Windows 10 , 64 bit Build 19041 (10.0.19041.1202)
Time: Wed Nov 17 22:38:39 2021 W. Europe Standard Time elapsed time: 16.784848 seconds (0d 0h 0m 16s)

---------------  T H R E A D  ---------------

Current thread (0x00000205760258f0):  JavaThread "C2 CompilerThread0" daemon [_thread_in_native, id=8356, stack(0x0000004903200000,0x0000004903300000)]


Current CompileTask:
C2:  16784 3768 %     4       com.sun.marlin.DRenderer::_endRendering @ 235 (2473 bytes)

Stack: [0x0000004903200000,0x0000004903300000]
Native frames: (J=compiled Java code, j=interpreted, Vv=VM code, C=native code)
V  [jvm.dll+0x66fa1a]
V  [jvm.dll+0x7ce5a4]
V  [jvm.dll+0x7cfd4e]
V  [jvm.dll+0x7d03b3]
V  [jvm.dll+0x242b05]
V  [jvm.dll+0xaa05b]
V  [jvm.dll+0xaa5ec]
V  [jvm.dll+0x35fa07]
V  [jvm.dll+0x1b9732]
V  [jvm.dll+0x215d49]
V  [jvm.dll+0x215011]
V  [jvm.dll+0x1a168d]
V  [jvm.dll+0x224848]
V  [jvm.dll+0x2229ac]
V  [jvm.dll+0x78435b]
V  [jvm.dll+0x77e91a]
V  [jvm.dll+0x66e845]
C  [ucrtbase.dll+0x21bb2]
C  [KERNEL32.DLL+0x17034]
C  [ntdll.dll+0x52651]


---------------  P R O C E S S  ---------------

Threads class SMR info:
_java_thread_list=0x000002057c41dfb0, length=22, elements={
0x0000020556050500, 0x0000020576008c10, 0x0000020576009a80, 0x000002057601b000,
0x000002057601bbb0, 0x000002057601fe20, 0x0000020576024470, 0x00000205760258f0,
0x0000020576026b30, 0x000002057605c460, 0x0000020575ff1220, 0x0000020576f2b2a0,
0x0000020576d3e4b0, 0x00000205774535d0, 0x00000205774ac020, 0x00000205774c19f0,
0x0000020577639bc0, 0x0000020577636820, 0x000002057c0c2db0, 0x0000020577778f80,
0x0000020577779450, 0x0000020576fcc110
}

Java Threads: ( => current thread )
  0x0000020556050500 JavaThread "main" [_thread_blocked, id=10572, stack(0x0000004902500000,0x0000004902600000)]
  0x0000020576008c10 JavaThread "Reference Handler" daemon [_thread_blocked, id=1524, stack(0x0000004902c00000,0x0000004902d00000)]
  0x0000020576009a80 JavaThread "Finalizer" daemon [_thread_blocked, id=18044, stack(0x0000004902d00000,0x0000004902e00000)]
  0x000002057601b000 JavaThread "Signal Dispatcher" daemon [_thread_blocked, id=2988, stack(0x0000004902e00000,0x0000004902f00000)]
  0x000002057601bbb0 JavaThread "Attach Listener" daemon [_thread_blocked, id=6420, stack(0x0000004902f00000,0x0000004903000000)]
  0x000002057601fe20 JavaThread "Service Thread" daemon [_thread_blocked, id=10680, stack(0x0000004903000000,0x0000004903100000)]
  0x0000020576024470 JavaThread "Monitor Deflation Thread" daemon [_thread_blocked, id=6412, stack(0x0000004903100000,0x0000004903200000)]
=>0x00000205760258f0 JavaThread "C2 CompilerThread0" daemon [_thread_in_native, id=8356, stack(0x0000004903200000,0x0000004903300000)]
  0x0000020576026b30 JavaThread "C1 CompilerThread0" daemon [_thread_blocked, id=16580, stack(0x0000004903300000,0x0000004903400000)]
  0x000002057605c460 JavaThread "Sweeper thread" daemon [_thread_blocked, id=18940, stack(0x0000004903400000,0x0000004903500000)]
  0x0000020575ff1220 JavaThread "Common-Cleaner" daemon [_thread_blocked, id=10728, stack(0x0000004903500000,0x0000004903600000)]
  0x0000020576f2b2a0 JavaThread "Monitor Ctrl-Break" daemon [_thread_in_native, id=16660, stack(0x0000004903800000,0x0000004903900000)]
  0x0000020576d3e4b0 JavaThread "Notification Thread" daemon [_thread_blocked, id=15720, stack(0x0000004903900000,0x0000004903a00000)]
  0x00000205774535d0 JavaThread "QuantumRenderer-0" daemon [_thread_blocked, id=22504, stack(0x0000004903600000,0x0000004903700000)]
  0x00000205774ac020 JavaThread "InvokeLaterDispatcher" daemon [_thread_in_native, id=5580, stack(0x0000004904000000,0x0000004904100000)]
  0x00000205774c19f0 JavaThread "JavaFX Application Thread" [_thread_in_native, id=7852, stack(0x0000004904100000,0x0000004904200000)]
  0x0000020577639bc0 JavaThread "JavaFX-Launcher" [_thread_blocked, id=20896, stack(0x0000004904600000,0x0000004904700000)]
  0x0000020577636820 JavaThread "Thread-2" daemon [_thread_in_native, id=15364, stack(0x0000004904500000,0x0000004904600000)]
  0x000002057c0c2db0 JavaThread "Prism Font Disposer" daemon [_thread_blocked, id=11020, stack(0x0000004904700000,0x0000004904800000)]
  0x0000020577778f80 JavaThread "Cleaner-0" daemon [_thread_blocked, id=20980, stack(0x0000004904f00000,0x0000004905000000)]
  0x0000020577779450 JavaThread "mysql-cj-abandoned-connection-cleanup" daemon [_thread_blocked, id=7908, stack(0x0000004905000000,0x0000004905100000)]
  0x0000020576fcc110 JavaThread "C2 CompilerThread1" daemon [_thread_blocked, id=9816, stack(0x0000004905100000,0x0000004905200000)]

Other Threads:
  0x0000020576002fb0 VMThread "VM Thread" [stack: 0x0000004902b00000,0x0000004902c00000] [id=11336]
  0x0000020576f2b770 WatcherThread [stack: 0x0000004903a00000,0x0000004903b00000] [id=9464]
  0x0000020556090440 GCTaskThread "GC Thread#0" [stack: 0x0000004902600000,0x0000004902700000] [id=11724]
  0x00000205773031a0 GCTaskThread "GC Thread#1" [stack: 0x0000004903700000,0x0000004903800000] [id=9256]
  0x0000020577238230 GCTaskThread "GC Thread#2" [stack: 0x0000004903b00000,0x0000004903c00000] [id=16072]
  0x00000205774218c0 GCTaskThread "GC Thread#3" [stack: 0x0000004903c00000,0x0000004903d00000] [id=9260]
  0x0000020577421b70 GCTaskThread "GC Thread#4" [stack: 0x0000004903d00000,0x0000004903e00000] [id=17968]
  0x00000205774246c0 GCTaskThread "GC Thread#5" [stack: 0x0000004903e00000,0x0000004903f00000] [id=19584]
  0x0000020577430e10 GCTaskThread "GC Thread#6" [stack: 0x0000004903f00000,0x0000004904000000] [id=14296]
  0x000002057c239c90 GCTaskThread "GC Thread#7" [stack: 0x0000004904b00000,0x0000004904c00000] [id=12136]
  0x00000205560a0fc0 ConcurrentGCThread "G1 Main Marker" [stack: 0x0000004902700000,0x0000004902800000] [id=14788]
  0x00000205560a3180 ConcurrentGCThread "G1 Conc#0" [stack: 0x0000004902800000,0x0000004902900000] [id=12880]
  0x000002057c220b40 ConcurrentGCThread "G1 Conc#1" [stack: 0x0000004905200000,0x0000004905300000] [id=11664]
  0x0000020575ed0090 ConcurrentGCThread "G1 Refine#0" [stack: 0x0000004902900000,0x0000004902a00000] [id=3420]
  0x0000020577420c90 ConcurrentGCThread "G1 Refine#1" [stack: 0x0000004904c00000,0x0000004904d00000] [id=9720]
  0x0000020577420f70 ConcurrentGCThread "G1 Refine#2" [stack: 0x0000004904d00000,0x0000004904e00000] [id=16572]
  0x000002057c5b06a0 ConcurrentGCThread "G1 Refine#3" [stack: 0x0000004904e00000,0x0000004904f00000] [id=9740]
  0x0000020575ed0ab0 ConcurrentGCThread "G1 Service" [stack: 0x0000004902a00000,0x0000004902b00000] [id=12088]

Threads with active compile tasks:
C2 CompilerThread0    16820 3768 %     4       com.sun.marlin.DRenderer::_endRendering @ 235 (2473 bytes)

VM state: not at safepoint (normal execution)

VM Mutex/Monitor currently owned by a thread: None

Heap address: 0x0000000081e00000, size: 2018 MB, Compressed Oops mode: 32-bit

CDS archive(s) mapped at: [0x0000000800000000-0x0000000800bc0000-0x0000000800bc0000), size 12320768, SharedBaseAddress: 0x0000000800000000, ArchiveRelocationMode: 0.
Compressed class space mapped at: 0x0000000800c00000-0x0000000840c00000, reserved size: 1073741824
Narrow klass base: 0x0000000800000000, Narrow klass shift: 0, Narrow klass range: 0x100000000

GC Precious Log:
 CPUs: 8 total, 8 available
 Memory: 8066M
 Large Page Support: Disabled
 NUMA Support: Disabled
 Compressed Oops: Enabled (32-bit)
 Heap Region Size: 1M
 Heap Min Capacity: 8M
 Heap Initial Capacity: 128M
 Heap Max Capacity: 2018M
 Pre-touch: Disabled
 Parallel Workers: 8
 Concurrent Workers: 2
 Concurrent Refinement Workers: 8
 Periodic GC: Disabled

Heap:
 garbage-first heap   total 131072K, used 56050K [0x0000000081e00000, 0x0000000100000000)
  region size 1024K, 18 young (18432K), 10 survivors (10240K)
 Metaspace       used 22319K, committed 22656K, reserved 1073152K
  class space    used 3162K, committed 3328K, reserved 1048576K

Heap Regions: E=young(eden), S=young(survivor), O=old, HS=humongous(starts), HC=humongous(continues), CS=collection set, F=free, OA=open archive, CA=closed archive, TAMS=top-at-mark-start (previous, next)
|   0|0x0000000081e00000, 0x0000000081f00000, 0x0000000081f00000|100%| O|  |TAMS 0x0000000081f00000, 0x0000000081e00000| Untracked 
|   1|0x0000000081f00000, 0x0000000082000000, 0x0000000082000000|100%| O|  |TAMS 0x0000000082000000, 0x0000000081f00000| Untracked 
|   2|0x0000000082000000, 0x000000008206c000, 0x0000000082100000| 42%| O|  |TAMS 0x000000008206c000, 0x0000000082000000| Untracked 
|   3|0x0000000082100000, 0x0000000082200000, 0x0000000082200000|100%|HS|  |TAMS 0x0000000082200000, 0x0000000082100000| Complete 
|   4|0x0000000082200000, 0x0000000082300000, 0x0000000082300000|100%|HC|  |TAMS 0x0000000082300000, 0x0000000082200000| Complete 
|   5|0x0000000082300000, 0x0000000082400000, 0x0000000082400000|100%|HS|  |TAMS 0x0000000082400000, 0x0000000082300000| Complete 
|   6|0x0000000082400000, 0x0000000082500000, 0x0000000082500000|100%|HC|  |TAMS 0x0000000082500000, 0x0000000082400000| Complete 
|   7|0x0000000082500000, 0x0000000082600000, 0x0000000082600000|100%|HC|  |TAMS 0x0000000082600000, 0x0000000082500000| Complete 
|   8|0x0000000082600000, 0x0000000082700000, 0x0000000082700000|100%|HC|  |TAMS 0x0000000082700000, 0x0000000082600000| Complete 
|   9|0x0000000082700000, 0x0000000082800000, 0x0000000082800000|100%|HC|  |TAMS 0x0000000082800000, 0x0000000082700000| Complete 
|  10|0x0000000082800000, 0x0000000082900000, 0x0000000082900000|100%|HC|  |TAMS 0x0000000082900000, 0x0000000082800000| Complete 
|  11|0x0000000082900000, 0x0000000082a00000, 0x0000000082a00000|100%|HC|  |TAMS 0x0000000082a00000, 0x0000000082900000| Complete 
|  12|0x0000000082a00000, 0x0000000082b00000, 0x0000000082b00000|100%|HC|  |TAMS 0x0000000082b00000, 0x0000000082a00000| Complete 
|  13|0x0000000082b00000, 0x0000000082c00000, 0x0000000082c00000|100%|HC|  |TAMS 0x0000000082c00000, 0x0000000082b00000| Complete 
|  14|0x0000000082c00000, 0x0000000082d00000, 0x0000000082d00000|100%|HC|  |TAMS 0x0000000082d00000, 0x0000000082c00000| Complete 
|  15|0x0000000082d00000, 0x0000000082e00000, 0x0000000082e00000|100%|HC|  |TAMS 0x0000000082e00000, 0x0000000082d00000| Complete 
|  16|0x0000000082e00000, 0x0000000082f00000, 0x0000000082f00000|100%|HC|  |TAMS 0x0000000082f00000, 0x0000000082e00000| Complete 
|  17|0x0000000082f00000, 0x0000000083000000, 0x0000000083000000|100%|HC|  |TAMS 0x0000000083000000, 0x0000000082f00000| Complete 
|  18|0x0000000083000000, 0x0000000083100000, 0x0000000083100000|100%|HC|  |TAMS 0x0000000083100000, 0x0000000083000000| Complete 
|  19|0x0000000083100000, 0x0000000083200000, 0x0000000083200000|100%|HC|  |TAMS 0x0000000083200000, 0x0000000083100000| Complete 
|  20|0x0000000083200000, 0x0000000083300000, 0x0000000083300000|100%|HC|  |TAMS 0x0000000083300000, 0x0000000083200000| Complete 
|  21|0x0000000083300000, 0x0000000083400000, 0x0000000083400000|100%|HC|  |TAMS 0x0000000083400000, 0x0000000083300000| Complete 
|  22|0x0000000083400000, 0x0000000083500000, 0x0000000083500000|100%|HC|  |TAMS 0x0000000083500000, 0x0000000083400000| Complete 
|  23|0x0000000083500000, 0x0000000083600000, 0x0000000083600000|100%|HC|  |TAMS 0x0000000083600000, 0x0000000083500000| Complete 
|  24|0x0000000083600000, 0x0000000083700000, 0x0000000083700000|100%|HC|  |TAMS 0x0000000083700000, 0x0000000083600000| Complete 
|  25|0x0000000083700000, 0x0000000083800000, 0x0000000083800000|100%|HC|  |TAMS 0x0000000083800000, 0x0000000083700000| Complete 
|  26|0x0000000083800000, 0x0000000083900000, 0x0000000083900000|100%|HC|  |TAMS 0x0000000083900000, 0x0000000083800000| Complete 
|  27|0x0000000083900000, 0x0000000083a00000, 0x0000000083a00000|100%|HC|  |TAMS 0x0000000083a00000, 0x0000000083900000| Complete 
|  28|0x0000000083a00000, 0x0000000083b00000, 0x0000000083b00000|100%|HC|  |TAMS 0x0000000083b00000, 0x0000000083a00000| Complete 
|  29|0x0000000083b00000, 0x0000000083c00000, 0x0000000083c00000|100%|HC|  |TAMS 0x0000000083c00000, 0x0000000083b00000| Complete 
|  30|0x0000000083c00000, 0x0000000083d00000, 0x0000000083d00000|100%|HC|  |TAMS 0x0000000083d00000, 0x0000000083c00000| Complete 
|  31|0x0000000083d00000, 0x0000000083e00000, 0x0000000083e00000|100%|HC|  |TAMS 0x0000000083e00000, 0x0000000083d00000| Complete 
|  32|0x0000000083e00000, 0x0000000083f00000, 0x0000000083f00000|100%|HC|  |TAMS 0x0000000083f00000, 0x0000000083e00000| Complete 
|  33|0x0000000083f00000, 0x0000000084000000, 0x0000000084000000|100%|HC|  |TAMS 0x0000000084000000, 0x0000000083f00000| Complete 
|  34|0x0000000084000000, 0x0000000084100000, 0x0000000084100000|100%|HC|  |TAMS 0x0000000084100000, 0x0000000084000000| Complete 
|  35|0x0000000084100000, 0x0000000084200000, 0x0000000084200000|100%|HC|  |TAMS 0x0000000084200000, 0x0000000084100000| Complete 
|  36|0x0000000084200000, 0x0000000084300000, 0x0000000084300000|100%|HC|  |TAMS 0x0000000084300000, 0x0000000084200000| Complete 
|  37|0x0000000084300000, 0x0000000084400000, 0x0000000084400000|100%|HC|  |TAMS 0x0000000084400000, 0x0000000084300000| Complete 
|  38|0x0000000084400000, 0x0000000084500000, 0x0000000084500000|100%|HC|  |TAMS 0x0000000084500000, 0x0000000084400000| Complete 
|  39|0x0000000084500000, 0x0000000084500000, 0x0000000084600000|  0%| F|  |TAMS 0x0000000084500000, 0x0000000084500000| Untracked 
|  40|0x0000000084600000, 0x0000000084600000, 0x0000000084700000|  0%| F|  |TAMS 0x0000000084600000, 0x0000000084600000| Untracked 
|  41|0x0000000084700000, 0x0000000084700000, 0x0000000084800000|  0%| F|  |TAMS 0x0000000084700000, 0x0000000084700000| Untracked 
|  42|0x0000000084800000, 0x0000000084800000, 0x0000000084900000|  0%| F|  |TAMS 0x0000000084800000, 0x0000000084800000| Untracked 
|  43|0x0000000084900000, 0x0000000084900000, 0x0000000084a00000|  0%| F|  |TAMS 0x0000000084900000, 0x0000000084900000| Untracked 
|  44|0x0000000084a00000, 0x0000000084a00000, 0x0000000084b00000|  0%| F|  |TAMS 0x0000000084a00000, 0x0000000084a00000| Untracked 
|  45|0x0000000084b00000, 0x0000000084b00000, 0x0000000084c00000|  0%| F|  |TAMS 0x0000000084b00000, 0x0000000084b00000| Untracked 
|  46|0x0000000084c00000, 0x0000000084c00000, 0x0000000084d00000|  0%| F|  |TAMS 0x0000000084c00000, 0x0000000084c00000| Untracked 
|  47|0x0000000084d00000, 0x0000000084d00000, 0x0000000084e00000|  0%| F|  |TAMS 0x0000000084d00000, 0x0000000084d00000| Untracked 
|  48|0x0000000084e00000, 0x0000000084e00000, 0x0000000084f00000|  0%| F|  |TAMS 0x0000000084e00000, 0x0000000084e00000| Untracked 
|  49|0x0000000084f00000, 0x0000000084f00000, 0x0000000085000000|  0%| F|  |TAMS 0x0000000084f00000, 0x0000000084f00000| Untracked 
|  50|0x0000000085000000, 0x0000000085000000, 0x0000000085100000|  0%| F|  |TAMS 0x0000000085000000, 0x0000000085000000| Untracked 
|  51|0x0000000085100000, 0x0000000085100000, 0x0000000085200000|  0%| F|  |TAMS 0x0000000085100000, 0x0000000085100000| Untracked 
|  52|0x0000000085200000, 0x0000000085200000, 0x0000000085300000|  0%| F|  |TAMS 0x0000000085200000, 0x0000000085200000| Untracked 
|  53|0x0000000085300000, 0x0000000085300000, 0x0000000085400000|  0%| F|  |TAMS 0x0000000085300000, 0x0000000085300000| Untracked 
|  54|0x0000000085400000, 0x0000000085400000, 0x0000000085500000|  0%| F|  |TAMS 0x0000000085400000, 0x0000000085400000| Untracked 
|  55|0x0000000085500000, 0x0000000085500000, 0x0000000085600000|  0%| F|  |TAMS 0x0000000085500000, 0x0000000085500000| Untracked 
|  56|0x0000000085600000, 0x0000000085600000, 0x0000000085700000|  0%| F|  |TAMS 0x0000000085600000, 0x0000000085600000| Untracked 
|  57|0x0000000085700000, 0x0000000085700000, 0x0000000085800000|  0%| F|  |TAMS 0x0000000085700000, 0x0000000085700000| Untracked 
|  58|0x0000000085800000, 0x0000000085800000, 0x0000000085900000|  0%| F|  |TAMS 0x0000000085800000, 0x0000000085800000| Untracked 
|  59|0x0000000085900000, 0x0000000085900000, 0x0000000085a00000|  0%| F|  |TAMS 0x0000000085900000, 0x0000000085900000| Untracked 
|  60|0x0000000085a00000, 0x0000000085a00000, 0x0000000085b00000|  0%| F|  |TAMS 0x0000000085a00000, 0x0000000085a00000| Untracked 
|  61|0x0000000085b00000, 0x0000000085b00000, 0x0000000085c00000|  0%| F|  |TAMS 0x0000000085b00000, 0x0000000085b00000| Untracked 
|  62|0x0000000085c00000, 0x0000000085c00000, 0x0000000085d00000|  0%| F|  |TAMS 0x0000000085c00000, 0x0000000085c00000| Untracked 
|  63|0x0000000085d00000, 0x0000000085d00000, 0x0000000085e00000|  0%| F|  |TAMS 0x0000000085d00000, 0x0000000085d00000| Untracked 
|  64|0x0000000085e00000, 0x0000000085e00000, 0x0000000085f00000|  0%| F|  |TAMS 0x0000000085e00000, 0x0000000085e00000| Untracked 
|  65|0x0000000085f00000, 0x0000000085f00000, 0x0000000086000000|  0%| F|  |TAMS 0x0000000085f00000, 0x0000000085f00000| Untracked 
|  66|0x0000000086000000, 0x0000000086000000, 0x0000000086100000|  0%| F|  |TAMS 0x0000000086000000, 0x0000000086000000| Untracked 
|  67|0x0000000086100000, 0x0000000086100000, 0x0000000086200000|  0%| F|  |TAMS 0x0000000086100000, 0x0000000086100000| Untracked 
|  68|0x0000000086200000, 0x0000000086200000, 0x0000000086300000|  0%| F|  |TAMS 0x0000000086200000, 0x0000000086200000| Untracked 
|  69|0x0000000086300000, 0x0000000086300000, 0x0000000086400000|  0%| F|  |TAMS 0x0000000086300000, 0x0000000086300000| Untracked 
|  70|0x0000000086400000, 0x0000000086400000, 0x0000000086500000|  0%| F|  |TAMS 0x0000000086400000, 0x0000000086400000| Untracked 
|  71|0x0000000086500000, 0x0000000086500000, 0x0000000086600000|  0%| F|  |TAMS 0x0000000086500000, 0x0000000086500000| Untracked 
|  72|0x0000000086600000, 0x0000000086600000, 0x0000000086700000|  0%| F|  |TAMS 0x0000000086600000, 0x0000000086600000| Untracked 
|  73|0x0000000086700000, 0x0000000086700000, 0x0000000086800000|  0%| F|  |TAMS 0x0000000086700000, 0x0000000086700000| Untracked 
|  74|0x0000000086800000, 0x0000000086800000, 0x0000000086900000|  0%| F|  |TAMS 0x0000000086800000, 0x0000000086800000| Untracked 
|  75|0x0000000086900000, 0x0000000086900000, 0x0000000086a00000|  0%| F|  |TAMS 0x0000000086900000, 0x0000000086900000| Untracked 
|  76|0x0000000086a00000, 0x0000000086a00000, 0x0000000086b00000|  0%| F|  |TAMS 0x0000000086a00000, 0x0000000086a00000| Untracked 
|  77|0x0000000086b00000, 0x0000000086b50bd0, 0x0000000086c00000| 31%| S|CS|TAMS 0x0000000086b00000, 0x0000000086b00000| Complete 
|  78|0x0000000086c00000, 0x0000000086d00000, 0x0000000086d00000|100%| S|CS|TAMS 0x0000000086c00000, 0x0000000086c00000| Complete 
|  79|0x0000000086d00000, 0x0000000086e00000, 0x0000000086e00000|100%| S|CS|TAMS 0x0000000086d00000, 0x0000000086d00000| Complete 
|  80|0x0000000086e00000, 0x0000000086f00000, 0x0000000086f00000|100%| S|CS|TAMS 0x0000000086e00000, 0x0000000086e00000| Complete 
|  81|0x0000000086f00000, 0x0000000087000000, 0x0000000087000000|100%| S|CS|TAMS 0x0000000086f00000, 0x0000000086f00000| Complete 
|  82|0x0000000087000000, 0x0000000087100000, 0x0000000087100000|100%| S|CS|TAMS 0x0000000087000000, 0x0000000087000000| Complete 
|  83|0x0000000087100000, 0x0000000087200000, 0x0000000087200000|100%| S|CS|TAMS 0x0000000087100000, 0x0000000087100000| Complete 
|  84|0x0000000087200000, 0x0000000087300000, 0x0000000087300000|100%| S|CS|TAMS 0x0000000087200000, 0x0000000087200000| Complete 
|  85|0x0000000087300000, 0x0000000087300000, 0x0000000087400000|  0%| F|  |TAMS 0x0000000087300000, 0x0000000087300000| Untracked 
|  86|0x0000000087400000, 0x0000000087400000, 0x0000000087500000|  0%| F|  |TAMS 0x0000000087400000, 0x0000000087400000| Untracked 
|  87|0x0000000087500000, 0x0000000087500000, 0x0000000087600000|  0%| F|  |TAMS 0x0000000087500000, 0x0000000087500000| Untracked 
|  88|0x0000000087600000, 0x0000000087600000, 0x0000000087700000|  0%| F|  |TAMS 0x0000000087600000, 0x0000000087600000| Untracked 
|  89|0x0000000087700000, 0x0000000087700000, 0x0000000087800000|  0%| F|  |TAMS 0x0000000087700000, 0x0000000087700000| Untracked 
|  90|0x0000000087800000, 0x0000000087900000, 0x0000000087900000|100%| S|CS|TAMS 0x0000000087800000, 0x0000000087800000| Complete 
|  91|0x0000000087900000, 0x0000000087a00000, 0x0000000087a00000|100%| S|CS|TAMS 0x0000000087900000, 0x0000000087900000| Complete 
|  92|0x0000000087a00000, 0x0000000087a00000, 0x0000000087b00000|  0%| F|  |TAMS 0x0000000087a00000, 0x0000000087a00000| Untracked 
|  93|0x0000000087b00000, 0x0000000087b00000, 0x0000000087c00000|  0%| F|  |TAMS 0x0000000087b00000, 0x0000000087b00000| Untracked 
|  94|0x0000000087c00000, 0x0000000087c00000, 0x0000000087d00000|  0%| F|  |TAMS 0x0000000087c00000, 0x0000000087c00000| Untracked 
|  95|0x0000000087d00000, 0x0000000087d00000, 0x0000000087e00000|  0%| F|  |TAMS 0x0000000087d00000, 0x0000000087d00000| Untracked 
|  96|0x0000000087e00000, 0x0000000087e00000, 0x0000000087f00000|  0%| F|  |TAMS 0x0000000087e00000, 0x0000000087e00000| Untracked 
|  97|0x0000000087f00000, 0x0000000087f00000, 0x0000000088000000|  0%| F|  |TAMS 0x0000000087f00000, 0x0000000087f00000| Untracked 
|  98|0x0000000088000000, 0x0000000088000000, 0x0000000088100000|  0%| F|  |TAMS 0x0000000088000000, 0x0000000088000000| Untracked 
|  99|0x0000000088100000, 0x0000000088100000, 0x0000000088200000|  0%| F|  |TAMS 0x0000000088100000, 0x0000000088100000| Untracked 
| 100|0x0000000088200000, 0x0000000088200000, 0x0000000088300000|  0%| F|  |TAMS 0x0000000088200000, 0x0000000088200000| Untracked 
| 101|0x0000000088300000, 0x0000000088300000, 0x0000000088400000|  0%| F|  |TAMS 0x0000000088300000, 0x0000000088300000| Untracked 
| 102|0x0000000088400000, 0x0000000088400000, 0x0000000088500000|  0%| F|  |TAMS 0x0000000088400000, 0x0000000088400000| Untracked 
| 103|0x0000000088500000, 0x0000000088500000, 0x0000000088600000|  0%| F|  |TAMS 0x0000000088500000, 0x0000000088500000| Untracked 
| 104|0x0000000088600000, 0x0000000088600000, 0x0000000088700000|  0%| F|  |TAMS 0x0000000088600000, 0x0000000088600000| Untracked 
| 105|0x0000000088700000, 0x0000000088700000, 0x0000000088800000|  0%| F|  |TAMS 0x0000000088700000, 0x0000000088700000| Untracked 
| 106|0x0000000088800000, 0x0000000088800000, 0x0000000088900000|  0%| F|  |TAMS 0x0000000088800000, 0x0000000088800000| Untracked 
| 107|0x0000000088900000, 0x0000000088900000, 0x0000000088a00000|  0%| F|  |TAMS 0x0000000088900000, 0x0000000088900000| Untracked 
| 108|0x0000000088a00000, 0x0000000088a00000, 0x0000000088b00000|  0%| F|  |TAMS 0x0000000088a00000, 0x0000000088a00000| Untracked 
| 109|0x0000000088b00000, 0x0000000088b00000, 0x0000000088c00000|  0%| F|  |TAMS 0x0000000088b00000, 0x0000000088b00000| Untracked 
| 110|0x0000000088c00000, 0x0000000088c00000, 0x0000000088d00000|  0%| F|  |TAMS 0x0000000088c00000, 0x0000000088c00000| Untracked 
| 111|0x0000000088d00000, 0x0000000088d00000, 0x0000000088e00000|  0%| F|  |TAMS 0x0000000088d00000, 0x0000000088d00000| Untracked 
| 112|0x0000000088e00000, 0x0000000088e00000, 0x0000000088f00000|  0%| F|  |TAMS 0x0000000088e00000, 0x0000000088e00000| Untracked 
| 113|0x0000000088f00000, 0x0000000088f00000, 0x0000000089000000|  0%| F|  |TAMS 0x0000000088f00000, 0x0000000088f00000| Untracked 
| 114|0x0000000089000000, 0x0000000089000000, 0x0000000089100000|  0%| F|  |TAMS 0x0000000089000000, 0x0000000089000000| Untracked 
| 115|0x0000000089100000, 0x0000000089100000, 0x0000000089200000|  0%| F|  |TAMS 0x0000000089100000, 0x0000000089100000| Untracked 
| 116|0x0000000089200000, 0x0000000089200000, 0x0000000089300000|  0%| F|  |TAMS 0x0000000089200000, 0x0000000089200000| Untracked 
| 117|0x0000000089300000, 0x0000000089300000, 0x0000000089400000|  0%| F|  |TAMS 0x0000000089300000, 0x0000000089300000| Untracked 
| 118|0x0000000089400000, 0x0000000089400000, 0x0000000089500000|  0%| F|  |TAMS 0x0000000089400000, 0x0000000089400000| Untracked 
| 119|0x0000000089500000, 0x0000000089500000, 0x0000000089600000|  0%| F|  |TAMS 0x0000000089500000, 0x0000000089500000| Untracked 
| 120|0x0000000089600000, 0x000000008967a500, 0x0000000089700000| 47%| E|  |TAMS 0x0000000089600000, 0x0000000089600000| Complete 
| 121|0x0000000089700000, 0x0000000089800000, 0x0000000089800000|100%| E|CS|TAMS 0x0000000089700000, 0x0000000089700000| Complete 
| 122|0x0000000089800000, 0x0000000089900000, 0x0000000089900000|100%| E|CS|TAMS 0x0000000089800000, 0x0000000089800000| Complete 
| 123|0x0000000089900000, 0x0000000089a00000, 0x0000000089a00000|100%| E|CS|TAMS 0x0000000089900000, 0x0000000089900000| Complete 
| 124|0x0000000089a00000, 0x0000000089b00000, 0x0000000089b00000|100%| E|CS|TAMS 0x0000000089a00000, 0x0000000089a00000| Complete 
| 125|0x0000000089b00000, 0x0000000089c00000, 0x0000000089c00000|100%| E|CS|TAMS 0x0000000089b00000, 0x0000000089b00000| Complete 
| 126|0x0000000089c00000, 0x0000000089d00000, 0x0000000089d00000|100%| E|CS|TAMS 0x0000000089c00000, 0x0000000089c00000| Complete 
| 127|0x0000000089d00000, 0x0000000089e00000, 0x0000000089e00000|100%| E|CS|TAMS 0x0000000089d00000, 0x0000000089d00000| Complete 

Card table byte_map: [0x000002056ee90000,0x000002056f290000] _byte_map_base: 0x000002056ea81000

Marking Bits (Prev, Next): (CMBitMap*) 0x0000020556090a90, (CMBitMap*) 0x0000020556090a50
 Prev Bits: [0x0000020571620000, 0x00000205735a8000)
 Next Bits: [0x000002056f690000, 0x0000020571618000)

Polling page: 0x0000020556130000

Metaspace:

Usage:
  Non-class:     18.71 MB used.
      Class:      3.09 MB used.
       Both:     21.80 MB used.

Virtual space:
  Non-class space:       24.00 MB reserved,      18.88 MB ( 79%) committed,  3 nodes.
      Class space:        1.00 GB reserved,       3.25 MB ( <1%) committed,  1 nodes.
             Both:        1.02 GB reserved,      22.12 MB (  2%) committed. 

Chunk freelists:
   Non-Class:  928.00 KB
       Class:  624.00 KB
        Both:  1.52 MB

MaxMetaspaceSize: unlimited
CompressedClassSpaceSize: 1.00 GB
Initial GC threshold: 21.00 MB
Current GC threshold: 35.31 MB
CDS: on
MetaspaceReclaimPolicy: balanced
 - commit_granule_bytes: 65536.
 - commit_granule_words: 8192.
 - virtual_space_node_default_size: 1048576.
 - enlarge_chunks_in_place: 1.
 - new_chunks_are_fully_committed: 0.
 - uncommit_free_chunks: 1.
 - use_allocation_guard: 0.
 - handle_deallocations: 1.


Internal statistics:

num_allocs_failed_limit: 3.
num_arena_births: 246.
num_arena_deaths: 0.
num_vsnodes_births: 4.
num_vsnodes_deaths: 0.
num_space_committed: 354.
num_space_uncommitted: 0.
num_chunks_returned_to_freelist: 3.
num_chunks_taken_from_freelist: 952.
num_chunk_merges: 3.
num_chunk_splits: 691.
num_chunks_enlarged: 553.
num_purges: 0.
num_inconsistent_stats: 0.

CodeHeap 'non-profiled nmethods': size=120000Kb used=1403Kb max_used=1403Kb free=118596Kb
 bounds [0x0000020566af0000, 0x0000020566d60000, 0x000002056e020000]
CodeHeap 'profiled nmethods': size=120000Kb used=7669Kb max_used=7669Kb free=112330Kb
 bounds [0x000002055f5c0000, 0x000002055fd40000, 0x0000020566af0000]
CodeHeap 'non-nmethods': size=5760Kb used=1484Kb max_used=1527Kb free=4275Kb
 bounds [0x000002055f020000, 0x000002055f290000, 0x000002055f5c0000]
 total_blobs=4618 nmethods=3761 adapters=767
 compilation: enabled
              stopped_count=0, restarted_count=0
 full_count=0

Compilation events (20 events):
Event: 16.618 Thread 0x0000020576026b30 3760       1       com.sun.marlin.DRenderer::getOutpixMaxY (5 bytes)
Event: 16.618 Thread 0x0000020576026b30 nmethod 3760 0x0000020566c49590 code [0x0000020566c49720, 0x0000020566c497f8]
Event: 16.618 Thread 0x0000020576026b30 3762       3       com.sun.javafx.geom.RectBounds::sortMinMax (61 bytes)
Event: 16.618 Thread 0x0000020576026b30 nmethod 3762 0x000002055fd3c410 code [0x000002055fd3c5a0, 0x000002055fd3c798]
Event: 16.618 Thread 0x0000020576026b30 3763       1       com.sun.prism.impl.BaseGraphics::getFinalClipNoClone (5 bytes)
Event: 16.618 Thread 0x0000020576026b30 nmethod 3763 0x0000020566c49890 code [0x0000020566c49a20, 0x0000020566c49af8]
Event: 16.618 Thread 0x0000020576026b30 3765       3       com.sun.javafx.image.impl.BaseByteToByteConverter$ByteAnyToSameConverter::doConvert (39 bytes)
Event: 16.618 Thread 0x0000020576026b30 nmethod 3765 0x000002055fd3c810 code [0x000002055fd3c9c0, 0x000002055fd3cca8]
Event: 16.618 Thread 0x0000020576026b30 3764       1       com.sun.prism.impl.shape.MaskData::getMaskBuffer (5 bytes)
Event: 16.618 Thread 0x00000205760258f0 3768 %     4       com.sun.marlin.DRenderer::_endRendering @ 235 (2473 bytes)
Event: 16.618 Thread 0x0000020576026b30 nmethod 3764 0x0000020566c49b90 code [0x0000020566c49d20, 0x0000020566c49df8]
Event: 16.618 Thread 0x0000020576026b30 3766       1       com.sun.javafx.geom.RectBounds::setMinY (6 bytes)
Event: 16.618 Thread 0x0000020576026b30 nmethod 3766 0x0000020566c49e90 code [0x0000020566c4a020, 0x0000020566c4a0f8]
Event: 16.619 Thread 0x0000020576026b30 3767       1       com.sun.javafx.geom.RectBounds::setMaxY (6 bytes)
Event: 16.619 Thread 0x0000020576026b30 nmethod 3767 0x0000020566c4a190 code [0x0000020566c4a320, 0x0000020566c4a3f8]
Event: 16.619 Thread 0x0000020576026b30 3769       3       com.sun.marlin.DRenderer::tosubpixy (10 bytes)
Event: 16.619 Thread 0x0000020576026b30 nmethod 3769 0x000002055fd3ce10 code [0x000002055fd3cfc0, 0x000002055fd3d0b8]
Event: 16.619 Thread 0x0000020576026b30 3770       3       com.sun.marlin.DRenderer::closePath (61 bytes)
Event: 16.619 Thread 0x0000020576026b30 nmethod 3770 0x000002055fd3d190 code [0x000002055fd3d340, 0x000002055fd3d568]
Event: 16.639 Thread 0x0000020576fcc110 nmethod 3638 0x0000020566c4a490 code [0x0000020566c4a840, 0x0000020566c4cba8]

GC Heap History (6 events):
Event: 1.117 GC heap before
{Heap before GC invocations=0 (full 0):
 garbage-first heap   total 131072K, used 22528K [0x0000000081e00000, 0x0000000100000000)
  region size 1024K, 23 young (23552K), 0 survivors (0K)
 Metaspace       used 2583K, committed 2752K, reserved 1056768K
  class space    used 268K, committed 384K, reserved 1048576K
}
Event: 1.124 GC heap after
{Heap after GC invocations=1 (full 0):
 garbage-first heap   total 131072K, used 2389K [0x0000000081e00000, 0x0000000100000000)
  region size 1024K, 3 young (3072K), 3 survivors (3072K)
 Metaspace       used 2583K, committed 2752K, reserved 1056768K
  class space    used 268K, committed 384K, reserved 1048576K
}
Event: 2.336 GC heap before
{Heap before GC invocations=1 (full 0):
 garbage-first heap   total 131072K, used 37205K [0x0000000081e00000, 0x0000000100000000)
  region size 1024K, 38 young (38912K), 3 survivors (3072K)
 Metaspace       used 12217K, committed 12480K, reserved 1064960K
  class space    used 1693K, committed 1792K, reserved 1048576K
}
Event: 2.347 GC heap after
{Heap after GC invocations=2 (full 0):
 garbage-first heap   total 131072K, used 7600K [0x0000000081e00000, 0x0000000100000000)
  region size 1024K, 5 young (5120K), 5 survivors (5120K)
 Metaspace       used 12217K, committed 12480K, reserved 1064960K
  class space    used 1693K, committed 1792K, reserved 1048576K
}
Event: 16.373 GC heap before
{Heap before GC invocations=2 (full 0):
 garbage-first heap   total 131072K, used 80304K [0x0000000081e00000, 0x0000000100000000)
  region size 1024K, 41 young (41984K), 5 survivors (5120K)
 Metaspace       used 21253K, committed 21504K, reserved 1073152K
  class space    used 2954K, committed 3136K, reserved 1048576K
}
Event: 16.380 GC heap after
{Heap after GC invocations=3 (full 0):
 garbage-first heap   total 131072K, used 48882K [0x0000000081e00000, 0x0000000100000000)
  region size 1024K, 10 young (10240K), 10 survivors (10240K)
 Metaspace       used 21253K, committed 21504K, reserved 1073152K
  class space    used 2954K, committed 3136K, reserved 1048576K
}

Deoptimization events (20 events):
Event: 16.573 Thread 0x00000205774535d0 DEOPT PACKING pc=0x000002055fb5979a sp=0x00000049036fdbc0
Event: 16.573 Thread 0x00000205774535d0 DEOPT UNPACKING pc=0x000002055f072b43 sp=0x00000049036fd018 mode 0
Event: 16.573 Thread 0x00000205774535d0 DEOPT PACKING pc=0x000002055fb5979a sp=0x00000049036fdbc0
Event: 16.573 Thread 0x00000205774535d0 DEOPT UNPACKING pc=0x000002055f072b43 sp=0x00000049036fd018 mode 0
Event: 16.573 Thread 0x00000205774535d0 DEOPT PACKING pc=0x000002055fb5979a sp=0x00000049036fdbc0
Event: 16.573 Thread 0x00000205774535d0 DEOPT UNPACKING pc=0x000002055f072b43 sp=0x00000049036fd018 mode 0
Event: 16.573 Thread 0x00000205774535d0 DEOPT PACKING pc=0x000002055fb597bb sp=0x00000049036fdbc0
Event: 16.573 Thread 0x00000205774535d0 DEOPT UNPACKING pc=0x000002055f072b43 sp=0x00000049036fd028 mode 0
Event: 16.573 Thread 0x00000205774535d0 DEOPT PACKING pc=0x000002055fb5979a sp=0x00000049036fdbc0
Event: 16.573 Thread 0x00000205774535d0 DEOPT UNPACKING pc=0x000002055f072b43 sp=0x00000049036fd018 mode 0
Event: 16.573 Thread 0x00000205774535d0 DEOPT PACKING pc=0x000002055fb5979a sp=0x00000049036fdbc0
Event: 16.573 Thread 0x00000205774535d0 DEOPT UNPACKING pc=0x000002055f072b43 sp=0x00000049036fd018 mode 0
Event: 16.573 Thread 0x00000205774535d0 DEOPT PACKING pc=0x000002055fb5979a sp=0x00000049036fdbc0
Event: 16.573 Thread 0x00000205774535d0 DEOPT UNPACKING pc=0x000002055f072b43 sp=0x00000049036fd018 mode 0
Event: 16.573 Thread 0x00000205774535d0 DEOPT PACKING pc=0x000002055fb5979a sp=0x00000049036fdbc0
Event: 16.573 Thread 0x00000205774535d0 DEOPT UNPACKING pc=0x000002055f072b43 sp=0x00000049036fd018 mode 0
Event: 16.573 Thread 0x00000205774535d0 DEOPT PACKING pc=0x000002055fb5979a sp=0x00000049036fdbc0
Event: 16.573 Thread 0x00000205774535d0 DEOPT UNPACKING pc=0x000002055f072b43 sp=0x00000049036fd018 mode 0
Event: 16.573 Thread 0x00000205774535d0 DEOPT PACKING pc=0x000002055fb5979a sp=0x00000049036fdbc0
Event: 16.573 Thread 0x00000205774535d0 DEOPT UNPACKING pc=0x000002055f072b43 sp=0x00000049036fd018 mode 0

Classes unloaded (0 events):
No events

Classes redefined (0 events):
No events

Internal exceptions (20 events):
Event: 2.303 Thread 0x00000205774c19f0 Exception <a 'java/io/FileNotFoundException'{0x000000008784ab88}> (0x000000008784ab88) 
thrown [t:\workspace\open\src\hotspot\share\prims\jni.cpp, line 516]
Event: 2.312 Thread 0x00000205774c19f0 Exception <a 'java/io/FileNotFoundException'{0x00000000878524a0}> (0x00000000878524a0) 
thrown [t:\workspace\open\src\hotspot\share\prims\jni.cpp, line 516]
Event: 2.312 Thread 0x00000205774c19f0 Exception <a 'java/io/FileNotFoundException'{0x0000000087853540}> (0x0000000087853540) 
thrown [t:\workspace\open\src\hotspot\share\prims\jni.cpp, line 516]
Event: 2.313 Thread 0x00000205774c19f0 Exception <a 'java/io/FileNotFoundException'{0x00000000878545e0}> (0x00000000878545e0) 
thrown [t:\workspace\open\src\hotspot\share\prims\jni.cpp, line 516]
Event: 2.314 Thread 0x00000205774c19f0 Exception <a 'java/io/FileNotFoundException'{0x0000000087856df8}> (0x0000000087856df8) 
thrown [t:\workspace\open\src\hotspot\share\prims\jni.cpp, line 516]
Event: 2.378 Thread 0x00000205774c19f0 Exception <a 'java/lang/ClassNotFoundException'{0x0000000089c9f338}: com/sun/javafx/scene/control/skin/resources/controls> (0x0000000089c9f338) 
thrown [t:\workspace\open\src\hotspot\share\prims\jni.cpp, line 535]
Event: 2.379 Thread 0x00000205774c19f0 Exception <a 'java/lang/ClassNotFoundException'{0x0000000089cace38}: com/sun/javafx/scene/control/skin/resources/controls_en> (0x0000000089cace38) 
thrown [t:\workspace\open\src\hotspot\share\prims\jni.cpp, line 535]
Event: 2.379 Thread 0x00000205774c19f0 Exception <a 'java/lang/ClassNotFoundException'{0x0000000089caddd0}: com/sun/javafx/scene/control/skin/resources/controls_en_US> (0x0000000089caddd0) 
thrown [t:\workspace\open\src\hotspot\share\prims\jni.cpp, line 535]
Event: 2.429 Thread 0x00000205774c19f0 Implicit null exception at 0x0000020566b0ec60 to 0x0000020566b0ef02
Event: 2.433 Thread 0x00000205774c19f0 Exception <a 'java/lang/NoSuchMethodError'{0x0000000089a660a8}: 'void java.lang.invoke.DirectMethodHandle$Holder.invokeSpecial(java.lang.Object, java.lang.Object, java.lang.Object, java.lang.Object, java.lang.Object, java.lang.Object)'> (0x0000000089a660a8) 
thrown [t:\workspace\open\src\hotspot\share\interpreter\linkResolver.cpp, line 766]
Event: 2.439 Thread 0x00000205774c19f0 Implicit null exception at 0x0000020566b0e62f to 0x0000020566b0e885
Event: 2.577 Thread 0x00000205774c19f0 Exception <a 'java/lang/NoSuchMethodError'{0x00000000896b1320}: 'java.lang.Object java.lang.invoke.DirectMethodHandle$Holder.newInvokeSpecial(java.lang.Object, java.lang.Object, int)'> (0x00000000896b1320) 
thrown [t:\workspace\open\src\hotspot\share\interpreter\linkResolver.cpp, line 766]
Event: 2.621 Thread 0x00000205774535d0 Exception <a 'java/lang/NoSuchMethodError'{0x0000000089557418}: 'int java.lang.invoke.DirectMethodHandle$Holder.invokeStaticInit(java.lang.Object, java.lang.Object)'> (0x0000000089557418) 
thrown [t:\workspace\open\src\hotspot\share\interpreter\linkResolver.cpp, line 766]
Event: 8.775 Thread 0x00000205774c19f0 Exception <a 'java/lang/NoSuchMethodError'{0x0000000089045d88}: 'long java.lang.invoke.DirectMethodHandle$Holder.invokeStatic(java.lang.Object, java.lang.Object, java.lang.Object)'> (0x0000000089045d88) 
thrown [t:\workspace\open\src\hotspot\share\interpreter\linkResolver.cpp, line 766]
Event: 8.776 Thread 0x00000205774c19f0 Exception <a 'java/lang/NoSuchMethodError'{0x0000000089049530}: 'long java.lang.invoke.DirectMethodHandle$Holder.invokeStaticInit(java.lang.Object, java.lang.Object, java.lang.Object)'> (0x0000000089049530) 
thrown [t:\workspace\open\src\hotspot\share\interpreter\linkResolver.cpp, line 766]
Event: 8.778 Thread 0x00000205774c19f0 Exception <a 'java/lang/NoSuchMethodError'{0x0000000089061138}: 'java.lang.Object java.lang.invoke.DirectMethodHandle$Holder.newInvokeSpecial(java.lang.Object, java.lang.Object, long)'> (0x0000000089061138) 
thrown [t:\workspace\open\src\hotspot\share\interpreter\linkResolver.cpp, line 766]
Event: 8.778 Thread 0x00000205774c19f0 Exception <a 'java/lang/NoSuchMethodError'{0x0000000089064ca8}: 'java.lang.Object java.lang.invoke.Invokers$Holder.linkToTargetMethod(java.lang.Object, long, java.lang.Object)'> (0x0000000089064ca8) 
thrown [t:\workspace\open\src\hotspot\share\interpreter\linkResolver.cpp, line 766]
Event: 14.213 Thread 0x00000205774c19f0 Exception <a 'sun/nio/fs/WindowsException'{0x0000000088e47008}> (0x0000000088e47008) 
thrown [t:\workspace\open\src\hotspot\share\prims\jni.cpp, line 516]
Event: 14.239 Thread 0x00000205774c19f0 Exception <a 'java/lang/NoSuchMethodError'{0x0000000088dd7130}: 'java.lang.Object java.lang.invoke.DirectMethodHandle$Holder.invokeVirtual(java.lang.Object, java.lang.Object, java.lang.Object)'> (0x0000000088dd7130) 
thrown [t:\workspace\open\src\hotspot\share\interpreter\linkResolver.cpp, line 766]
Event: 16.472 Thread 0x00000205774c19f0 Implicit null exception at 0x0000020566c30fe0 to 0x0000020566c31b9c

VM Operations (20 events):
Event: 14.503 Executing VM operation: HandshakeAllThreads
Event: 14.503 Executing VM operation: HandshakeAllThreads done
Event: 14.503 Executing VM operation: Cleanup
Event: 14.503 Executing VM operation: Cleanup done
Event: 14.508 Executing VM operation: HandshakeAllThreads
Event: 14.508 Executing VM operation: HandshakeAllThreads done
Event: 15.509 Executing VM operation: Cleanup
Event: 15.509 Executing VM operation: Cleanup done
Event: 16.347 Executing VM operation: HandshakeAllThreads
Event: 16.347 Executing VM operation: HandshakeAllThreads done
Event: 16.355 Executing VM operation: HandshakeAllThreads
Event: 16.355 Executing VM operation: HandshakeAllThreads done
Event: 16.373 Executing VM operation: CollectForMetadataAllocation
Event: 16.380 Executing VM operation: CollectForMetadataAllocation done
Event: 16.386 Executing VM operation: G1Concurrent
Event: 16.390 Executing VM operation: G1Concurrent done
Event: 16.391 Executing VM operation: G1Concurrent
Event: 16.392 Executing VM operation: G1Concurrent done
Event: 16.458 Executing VM operation: HandshakeAllThreads
Event: 16.458 Executing VM operation: HandshakeAllThreads done

Events (20 events):
Event: 16.383 loading class javax/net/ssl/TrustManager
Event: 16.383 loading class javax/net/ssl/TrustManager done
Event: 16.383 loading class javax/crypto/NoSuchPaddingException
Event: 16.383 loading class javax/crypto/NoSuchPaddingException done
Event: 16.383 loading class java/security/InvalidKeyException
Event: 16.384 loading class java/security/InvalidKeyException done
Event: 16.384 loading class javax/crypto/IllegalBlockSizeException
Event: 16.384 loading class javax/crypto/IllegalBlockSizeException done
Event: 16.384 loading class javax/crypto/BadPaddingException
Event: 16.384 loading class javax/crypto/BadPaddingException done
Event: 16.384 loading class java/security/Key
Event: 16.384 loading class java/security/Key done
Event: 16.384 loading class javax/net/ssl/SSLSocket
Event: 16.384 loading class javax/net/ssl/SSLSocket done
Event: 16.384 loading class java/security/spec/InvalidKeySpecException
Event: 16.385 loading class java/security/spec/InvalidKeySpecException done
Event: 16.385 loading class java/security/spec/KeySpec
Event: 16.385 loading class java/security/spec/KeySpec done
Event: 16.615 loading class java/lang/FdLibm$Cbrt
Event: 16.616 loading class java/lang/FdLibm$Cbrt done


Dynamic libraries:
0x00007ff6c0c80000 - 0x00007ff6c0c8e000 	C:\Users\ayash\.jdks\openjdk-17.0.1\bin\java.exe
0x00007ff823190000 - 0x00007ff823385000 	C:\WINDOWS\SYSTEM32\ntdll.dll
0x00007ff8221c0000 - 0x00007ff82227e000 	C:\WINDOWS\System32\KERNEL32.DLL
0x00007ff820d80000 - 0x00007ff821049000 	C:\WINDOWS\System32\KERNELBASE.dll
0x00007ff820990000 - 0x00007ff820a90000 	C:\WINDOWS\System32\ucrtbase.dll
0x00007ff818490000 - 0x00007ff8184aa000 	C:\Users\ayash\.jdks\openjdk-17.0.1\bin\VCRUNTIME140.dll
0x00007ff8183d0000 - 0x00007ff8183e8000 	C:\Users\ayash\.jdks\openjdk-17.0.1\bin\jli.dll
0x00007ff821ba0000 - 0x00007ff821d41000 	C:\WINDOWS\System32\USER32.dll
0x00007ff820910000 - 0x00007ff820932000 	C:\WINDOWS\System32\win32u.dll
0x00007ff8152e0000 - 0x00007ff81557a000 	C:\WINDOWS\WinSxS\amd64_microsoft.windows.common-controls_6595b64144ccf1df_6.0.19041.1110_none_60b5254171f9507e\COMCTL32.dll
0x00007ff821f40000 - 0x00007ff821f6b000 	C:\WINDOWS\System32\GDI32.dll
0x00007ff820be0000 - 0x00007ff820ceb000 	C:\WINDOWS\System32\gdi32full.dll
0x00007ff820b40000 - 0x00007ff820bdd000 	C:\WINDOWS\System32\msvcp_win.dll
0x00007ff821260000 - 0x00007ff8212fe000 	C:\WINDOWS\System32\msvcrt.dll
0x00007ff821870000 - 0x00007ff8218a0000 	C:\WINDOWS\System32\IMM32.DLL
0x00007ff818930000 - 0x00007ff81893c000 	C:\Users\ayash\.jdks\openjdk-17.0.1\bin\vcruntime140_1.dll
0x00007fffe11e0000 - 0x00007fffe126d000 	C:\Users\ayash\.jdks\openjdk-17.0.1\bin\msvcp140.dll
0x00007fffe0480000 - 0x00007fffe103e000 	C:\Users\ayash\.jdks\openjdk-17.0.1\bin\server\jvm.dll
0x00007ff821d50000 - 0x00007ff821dfc000 	C:\WINDOWS\System32\ADVAPI32.dll
0x00007ff822b40000 - 0x00007ff822bdb000 	C:\WINDOWS\System32\sechost.dll
0x00007ff821670000 - 0x00007ff82179a000 	C:\WINDOWS\System32\RPCRT4.dll
0x00007ff8221b0000 - 0x00007ff8221b8000 	C:\WINDOWS\System32\PSAPI.DLL
0x00007ff81b370000 - 0x00007ff81b379000 	C:\WINDOWS\SYSTEM32\WSOCK32.dll
0x00007ff815740000 - 0x00007ff815767000 	C:\WINDOWS\SYSTEM32\WINMM.dll
0x00007ff81a160000 - 0x00007ff81a16a000 	C:\WINDOWS\SYSTEM32\VERSION.dll
0x00007ff8229c0000 - 0x00007ff822a2b000 	C:\WINDOWS\System32\WS2_32.dll
0x00007ff81f0f0000 - 0x00007ff81f102000 	C:\WINDOWS\SYSTEM32\kernel.appcore.dll
0x00007ff817220000 - 0x00007ff81722a000 	C:\Users\ayash\.jdks\openjdk-17.0.1\bin\jimage.dll
0x00007ff80cc70000 - 0x00007ff80ce54000 	C:\WINDOWS\SYSTEM32\DBGHELP.DLL
0x00007ff80cc40000 - 0x00007ff80cc6c000 	C:\WINDOWS\SYSTEM32\dbgcore.DLL
0x00007ff820cf0000 - 0x00007ff820d73000 	C:\WINDOWS\System32\bcryptPrimitives.dll
0x00007ff803710000 - 0x00007ff80371e000 	C:\Users\ayash\.jdks\openjdk-17.0.1\bin\instrument.dll
0x00007ffffdfc0000 - 0x00007ffffdfe5000 	C:\Users\ayash\.jdks\openjdk-17.0.1\bin\java.dll
0x00007fffe1100000 - 0x00007fffe11d6000 	C:\Users\ayash\.jdks\openjdk-17.0.1\bin\svml.dll
0x00007ff822280000 - 0x00007ff8229bf000 	C:\WINDOWS\System32\SHELL32.dll
0x00007ff81e6b0000 - 0x00007ff81ee40000 	C:\WINDOWS\SYSTEM32\windows.storage.dll
0x00007ff821300000 - 0x00007ff821655000 	C:\WINDOWS\System32\combase.dll
0x00007ff8201f0000 - 0x00007ff82021c000 	C:\WINDOWS\SYSTEM32\Wldp.dll
0x00007ff8211b0000 - 0x00007ff82125e000 	C:\WINDOWS\System32\SHCORE.dll
0x00007ff8230c0000 - 0x00007ff823115000 	C:\WINDOWS\System32\shlwapi.dll
0x00007ff8207c0000 - 0x00007ff8207df000 	C:\WINDOWS\SYSTEM32\profapi.dll
0x00007ff800d90000 - 0x00007ff800da9000 	C:\Users\ayash\.jdks\openjdk-17.0.1\bin\net.dll
0x00007ff815f30000 - 0x00007ff816038000 	C:\WINDOWS\SYSTEM32\WINHTTP.dll
0x00007ff81ffd0000 - 0x00007ff82003a000 	C:\WINDOWS\system32\mswsock.dll
0x00007ffffbec0000 - 0x00007ffffbed5000 	C:\Users\ayash\.jdks\openjdk-17.0.1\bin\nio.dll
0x00007ffff7410000 - 0x00007ffff7428000 	C:\Users\ayash\.jdks\openjdk-17.0.1\bin\zip.dll
0x00007ffff73f0000 - 0x00007ffff740a000 	D:\Intiliji\Program\Intiliji Program\IntelliJ IDEA Community Edition 2021.1.2\bin\breakgen64.dll
0x00000205761e0000 - 0x00000205761e3000 	C:\Users\ayash\.openjfx\cache\15.0.1\api-ms-win-core-console-l1-1-0.dll
0x00000205761f0000 - 0x00000205761f3000 	C:\Users\ayash\.openjfx\cache\15.0.1\api-ms-win-core-console-l1-2-0.dll
0x0000020576200000 - 0x0000020576203000 	C:\Users\ayash\.openjfx\cache\15.0.1\api-ms-win-core-datetime-l1-1-0.dll
0x0000020576210000 - 0x0000020576213000 	C:\Users\ayash\.openjfx\cache\15.0.1\api-ms-win-core-debug-l1-1-0.dll
0x0000020576220000 - 0x0000020576223000 	C:\Users\ayash\.openjfx\cache\15.0.1\api-ms-win-core-errorhandling-l1-1-0.dll
0x0000020576230000 - 0x0000020576234000 	C:\Users\ayash\.openjfx\cache\15.0.1\api-ms-win-core-file-l1-1-0.dll
0x0000020576240000 - 0x0000020576243000 	C:\Users\ayash\.openjfx\cache\15.0.1\api-ms-win-core-file-l1-2-0.dll
0x0000020576250000 - 0x0000020576253000 	C:\Users\ayash\.openjfx\cache\15.0.1\api-ms-win-core-file-l2-1-0.dll
0x0000020576260000 - 0x0000020576263000 	C:\Users\ayash\.openjfx\cache\15.0.1\api-ms-win-core-handle-l1-1-0.dll
0x0000020576270000 - 0x0000020576273000 	C:\Users\ayash\.openjfx\cache\15.0.1\api-ms-win-core-heap-l1-1-0.dll
0x0000020576280000 - 0x0000020576283000 	C:\Users\ayash\.openjfx\cache\15.0.1\api-ms-win-core-interlocked-l1-1-0.dll
0x0000020576290000 - 0x0000020576293000 	C:\Users\ayash\.openjfx\cache\15.0.1\api-ms-win-core-libraryloader-l1-1-0.dll
0x00000205762a0000 - 0x00000205762a3000 	C:\Users\ayash\.openjfx\cache\15.0.1\api-ms-win-core-localization-l1-2-0.dll
0x00000205762b0000 - 0x00000205762b3000 	C:\Users\ayash\.openjfx\cache\15.0.1\api-ms-win-core-memory-l1-1-0.dll
0x00000205762c0000 - 0x00000205762c3000 	C:\Users\ayash\.openjfx\cache\15.0.1\api-ms-win-core-namedpipe-l1-1-0.dll
0x00000205762d0000 - 0x00000205762d3000 	C:\Users\ayash\.openjfx\cache\15.0.1\api-ms-win-core-processenvironment-l1-1-0.dll
0x00000205762e0000 - 0x00000205762e3000 	C:\Users\ayash\.openjfx\cache\15.0.1\api-ms-win-core-processthreads-l1-1-0.dll
0x00000205762f0000 - 0x00000205762f3000 	C:\Users\ayash\.openjfx\cache\15.0.1\api-ms-win-core-processthreads-l1-1-1.dll
0x0000020576300000 - 0x0000020576303000 	C:\Users\ayash\.openjfx\cache\15.0.1\api-ms-win-core-profile-l1-1-0.dll
0x0000020576310000 - 0x0000020576313000 	C:\Users\ayash\.openjfx\cache\15.0.1\api-ms-win-core-rtlsupport-l1-1-0.dll
0x0000020576320000 - 0x0000020576323000 	C:\Users\ayash\.openjfx\cache\15.0.1\api-ms-win-core-string-l1-1-0.dll
0x0000020576330000 - 0x0000020576333000 	C:\Users\ayash\.openjfx\cache\15.0.1\api-ms-win-core-synch-l1-1-0.dll
0x0000020576340000 - 0x0000020576343000 	C:\Users\ayash\.openjfx\cache\15.0.1\api-ms-win-core-synch-l1-2-0.dll
0x0000020576350000 - 0x0000020576353000 	C:\Users\ayash\.openjfx\cache\15.0.1\api-ms-win-core-sysinfo-l1-1-0.dll
0x0000020576360000 - 0x0000020576363000 	C:\Users\ayash\.openjfx\cache\15.0.1\api-ms-win-core-timezone-l1-1-0.dll
0x0000020576370000 - 0x0000020576373000 	C:\Users\ayash\.openjfx\cache\15.0.1\api-ms-win-core-util-l1-1-0.dll
0x0000020576380000 - 0x0000020576383000 	C:\Users\ayash\.openjfx\cache\15.0.1\api-ms-win-crt-conio-l1-1-0.dll
0x0000020576390000 - 0x0000020576394000 	C:\Users\ayash\.openjfx\cache\15.0.1\api-ms-win-crt-convert-l1-1-0.dll
0x00000205763a0000 - 0x00000205763a3000 	C:\Users\ayash\.openjfx\cache\15.0.1\api-ms-win-crt-environment-l1-1-0.dll
0x00000205763b0000 - 0x00000205763b3000 	C:\Users\ayash\.openjfx\cache\15.0.1\api-ms-win-crt-filesystem-l1-1-0.dll
0x00000205763c0000 - 0x00000205763c3000 	C:\Users\ayash\.openjfx\cache\15.0.1\api-ms-win-crt-heap-l1-1-0.dll
0x00000205763d0000 - 0x00000205763d3000 	C:\Users\ayash\.openjfx\cache\15.0.1\api-ms-win-crt-locale-l1-1-0.dll
0x00000205763e0000 - 0x00000205763e5000 	C:\Users\ayash\.openjfx\cache\15.0.1\api-ms-win-crt-math-l1-1-0.dll
0x00000205763f0000 - 0x00000205763f5000 	C:\Users\ayash\.openjfx\cache\15.0.1\api-ms-win-crt-multibyte-l1-1-0.dll
0x0000020577800000 - 0x0000020577810000 	C:\Users\ayash\.openjfx\cache\15.0.1\api-ms-win-crt-private-l1-1-0.dll
0x0000020577810000 - 0x0000020577813000 	C:\Users\ayash\.openjfx\cache\15.0.1\api-ms-win-crt-process-l1-1-0.dll
0x0000020577820000 - 0x0000020577824000 	C:\Users\ayash\.openjfx\cache\15.0.1\api-ms-win-crt-runtime-l1-1-0.dll
0x0000020577830000 - 0x0000020577834000 	C:\Users\ayash\.openjfx\cache\15.0.1\api-ms-win-crt-stdio-l1-1-0.dll
0x0000020577840000 - 0x0000020577844000 	C:\Users\ayash\.openjfx\cache\15.0.1\api-ms-win-crt-string-l1-1-0.dll
0x0000020577850000 - 0x0000020577853000 	C:\Users\ayash\.openjfx\cache\15.0.1\api-ms-win-crt-time-l1-1-0.dll
0x0000020577860000 - 0x0000020577863000 	C:\Users\ayash\.openjfx\cache\15.0.1\api-ms-win-crt-utility-l1-1-0.dll
0x00007fffe0180000 - 0x00007fffe027c000 	C:\Users\ayash\.openjfx\cache\15.0.1\ucrtbase.dll
0x00007fffe0460000 - 0x00007fffe0475000 	C:\Users\ayash\.openjfx\cache\15.0.1\vcruntime140.dll
0x00007fffe0350000 - 0x00007fffe03eb000 	C:\Users\ayash\.openjfx\cache\15.0.1\msvcp140.dll
0x00007fffe0150000 - 0x00007fffe0173000 	C:\Users\ayash\.openjfx\cache\15.0.1\prism_d3d.dll
0x00007ff8161f0000 - 0x00007ff8163be000 	C:\WINDOWS\system32\d3d9.dll
0x00007ff81e140000 - 0x00007ff81e16f000 	C:\WINDOWS\SYSTEM32\dwmapi.dll
0x00007ff81df70000 - 0x00007ff81e00e000 	C:\WINDOWS\system32\uxtheme.dll
0x00007fffdf180000 - 0x00007fffdf36b000 	C:\WINDOWS\System32\DriverStore\FileRepository\iigd_dch_base.inf_amd64_a5a132c6d8339491\igdumdim64.dll
0x00007fff9c780000 - 0x00007fff9fcfd000 	C:\WINDOWS\System32\DriverStore\FileRepository\iigd_dch_base.inf_amd64_a5a132c6d8339491\igd9dxva64.dll
0x00007ff821ff0000 - 0x00007ff82211a000 	C:\WINDOWS\System32\ole32.dll
0x00007ff8217a0000 - 0x00007ff82186d000 	C:\WINDOWS\System32\OLEAUT32.dll
0x00007fffe0100000 - 0x00007fffe0145000 	C:\Users\ayash\.openjfx\cache\15.0.1\glass.dll
0x00007ff821a50000 - 0x00007ff821b2a000 	C:\WINDOWS\System32\COMDLG32.dll
0x00007ff821e20000 - 0x00007ff821f35000 	C:\WINDOWS\System32\MSCTF.dll
0x00007ff819c80000 - 0x00007ff819ca4000 	C:\WINDOWS\System32\DriverStore\FileRepository\iigd_dch_base.inf_amd64_a5a132c6d8339491\igdinfo64.dll
0x00007ff8100f0000 - 0x00007ff811ff1000 	C:\WINDOWS\System32\DriverStore\FileRepository\iigd_dch_base.inf_amd64_a5a132c6d8339491\igc64.dll
0x00007ff8136f0000 - 0x00007ff81372b000 	C:\WINDOWS\SYSTEM32\dxcore.dll
0x00007ff820940000 - 0x00007ff82098e000 	C:\WINDOWS\System32\cfgmgr32.dll
0x00007fffe00e0000 - 0x00007fffe00f4000 	C:\Users\ayash\.openjfx\cache\15.0.1\javafx_font.dll
0x00007ffff9db0000 - 0x00007ffffa033000 	C:\WINDOWS\SYSTEM32\dwrite.dll
0x00007ff822a90000 - 0x00007ff822b39000 	C:\WINDOWS\System32\clbcatq.dll
0x00007ff814f70000 - 0x00007ff815124000 	C:\WINDOWS\SYSTEM32\WindowsCodecs.dll
0x00007ff820880000 - 0x00007ff8208a7000 	C:\WINDOWS\System32\bcrypt.dll
0x00007ff805cc0000 - 0x00007ff805cfe000 	C:\WINDOWS\system32\dataexchange.dll
0x00007ff81c6b0000 - 0x00007ff81c914000 	C:\WINDOWS\system32\d3d11.dll
0x00007ff81d340000 - 0x00007ff81d526000 	C:\WINDOWS\system32\dcomp.dll
0x00007ff81f130000 - 0x00007ff81f224000 	C:\WINDOWS\system32\dxgi.dll
0x00007ff81b3a0000 - 0x00007ff81b5a1000 	C:\WINDOWS\system32\twinapi.appcore.dll
0x00007fffdf140000 - 0x00007fffdf174000 	C:\Program Files\Common Files\Microsoft Shared\Ink\rtscom.dll
0x00007ff801db0000 - 0x00007ff801ea9000 	C:\WINDOWS\SYSTEM32\textinputframework.dll
0x00007ff81d8f0000 - 0x00007ff81dc4e000 	C:\WINDOWS\System32\CoreUIComponents.dll
0x00007ff81dc70000 - 0x00007ff81dd62000 	C:\WINDOWS\System32\CoreMessaging.dll
0x00007ff81f530000 - 0x00007ff81f563000 	C:\WINDOWS\SYSTEM32\ntmarta.dll
0x00007ff81c550000 - 0x00007ff81c6a4000 	C:\WINDOWS\SYSTEM32\wintypes.dll
0x00007ff81fce0000 - 0x00007ff81fdac000 	C:\WINDOWS\SYSTEM32\DNSAPI.dll
0x00007ff81fc90000 - 0x00007ff81fccb000 	C:\WINDOWS\SYSTEM32\IPHLPAPI.DLL
0x00007ff821b90000 - 0x00007ff821b98000 	C:\WINDOWS\System32\NSI.dll
0x00007ff8198a0000 - 0x00007ff8198aa000 	C:\Windows\System32\rasadhlp.dll
0x00007ff8168d0000 - 0x00007ff81694f000 	C:\WINDOWS\System32\fwpuclnt.dll
0x00007fffe00b0000 - 0x00007fffe00dc000 	C:\Users\ayash\.openjfx\cache\15.0.1\javafx_iio.dll

dbghelp: loaded successfully - version: 4.0.5 - missing functions: none
symbol engine: initialized successfully - sym options: 0x614 - pdb path: .;C:\Users\ayash\.jdks\openjdk-17.0.1\bin;C:\WINDOWS\SYSTEM32;C:\WINDOWS\WinSxS\amd64_microsoft.windows.common-controls_6595b64144ccf1df_6.0.19041.1110_none_60b5254171f9507e;C:\Users\ayash\.jdks\openjdk-17.0.1\bin\server;D:\Intiliji\Program\Intiliji Program\IntelliJ IDEA Community Edition 2021.1.2\bin;C:\Users\ayash\.openjfx\cache\15.0.1;C:\WINDOWS\System32\DriverStore\FileRepository\iigd_dch_base.inf_amd64_a5a132c6d8339491;C:\Program Files\Common Files\Microsoft Shared\Ink

VM Arguments:
jvm_args: -javaagent:D:\Intiliji\Program\Intiliji Program\IntelliJ IDEA Community Edition 2021.1.2\lib\idea_rt.jar=59692:D:\Intiliji\Program\Intiliji Program\IntelliJ IDEA Community Edition 2021.1.2\bin -Dfile.encoding=UTF-8 --module-path=D:\Intiliji\AllProject\JAVA_FX_Toturials\SalePoint\target\classes;C:\Users\ayash\.m2\repository\org\openjfx\javafx-controls\15.0.1\javafx-controls-15.0.1.jar;C:\Users\ayash\.m2\repository\org\openjfx\javafx-controls\15.0.1\javafx-controls-15.0.1-win.jar;C:\Users\ayash\.m2\repository\org\openjfx\javafx-graphics\15.0.1\javafx-graphics-15.0.1.jar;C:\Users\ayash\.m2\repository\org\openjfx\javafx-graphics\15.0.1\javafx-graphics-15.0.1-win.jar;C:\Users\ayash\.m2\repository\org\openjfx\javafx-base\15.0.1\javafx-base-15.0.1.jar;C:\Users\ayash\.m2\repository\org\openjfx\javafx-base\15.0.1\javafx-base-15.0.1-win.jar;C:\Users\ayash\.m2\repository\org\openjfx\javafx-fxml\15.0.1\javafx-fxml-15.0.1.jar;C:\Users\ayash\.m2\repository\org\openjfx\javafx-fxml\15.0.1\javafx-fxml-15.0.1-win.jar;C:\Users\ayash\.m2\repository\mysql\mysql-connector-java\8.0.25\mysql-connector-java-8.0.25.jar;C:\Users\ayash\.m2\repository\com\google\protobuf\protobuf-java\3.11.4\protobuf-java-3.11.4.jar;C:\Users\ayash\.m2\repository\de\jensd\fontawesomefx-fontawesome\4.7.0-9.1.2\fontawesomefx-fontawesome-4.7.0-9.1.2.jar;C:\Users\ayash\.m2\repository\de\jensd\fontawesomefx-commons\9.1.2\fontawesomefx-commons-9.1.2.jar;C:\Users\ayash\.m2\repository\com\jfoenix\jfoenix\9.0.1\jfoenix-9.0.1.jar;D:\Intiliji\jar_files\JMetro\javafx-web-11.jar;D:\Intiliji\jar_files\JMetro\jmetro-11.6.15.jar;D:\Intiliji\jar_files\JMetro\javafx-media-11.jar;D:\Intiliji\jar_files\JMetro\controlsfx-11.0.0.jar;D:\Intiliji\jar_files\JMetro\javafx-base-11.0.2.jar;D:\Intiliji\jar_files\JMetro\javafx-controls-11.jar;D:\Intiliji\jar_files\JMetro\javafx-web-11-linux.jar;D:\Intiliji\jar_files\JMetro\javafx-media-11-linux.jar;D:\Intiliji\jar_files\JMetro\javafx-base-11.0.2-win.jar;D:\Intiliji\jar_files\JMetro\javafx-graphics-11.0.2.jar;D:\Intiliji\jar_files\JMetro\javafx-base-11.0.2-linux.jar;D:\Intiliji\jar_files\JMetro\javafx-controls-11.0.2-win.jar;D:\Intiliji\jar_files\JMetro\javafx-graphics-11.0.2-win.jar;D:\Intiliji\jar_fi-Djdk.module.main=org.example 
java_command: org.example/org.example.App
java_class_path (initial): <not set>
Launcher Type: SUN_STANDARD

[Global flags]
     intx CICompilerCount                          = 4                                         {product} {ergonomic}
     uint ConcGCThreads                            = 2                                         {product} {ergonomic}
     uint G1ConcRefinementThreads                  = 8                                         {product} {ergonomic}
   size_t G1HeapRegionSize                         = 1048576                                   {product} {ergonomic}
    uintx GCDrainStackTargetSize                   = 64                                        {product} {ergonomic}
   size_t InitialHeapSize                          = 134217728                                 {product} {ergonomic}
   size_t MarkStackSize                            = 4194304                                   {product} {ergonomic}
   size_t MaxHeapSize                              = 2116026368                                {product} {ergonomic}
   size_t MaxNewSize                               = 1268776960                                {product} {ergonomic}
   size_t MinHeapDeltaBytes                        = 1048576                                   {product} {ergonomic}
   size_t MinHeapSize                              = 8388608                                   {product} {ergonomic}
    uintx NonNMethodCodeHeapSize                   = 5839372                                {pd product} {ergonomic}
    uintx NonProfiledCodeHeapSize                  = 122909434                              {pd product} {ergonomic}
    uintx ProfiledCodeHeapSize                     = 122909434                              {pd product} {ergonomic}
    uintx ReservedCodeCacheSize                    = 251658240                              {pd product} {ergonomic}
     bool SegmentedCodeCache                       = true                                      {product} {ergonomic}
   size_t SoftMaxHeapSize                          = 2116026368                             {manageable} {ergonomic}
     bool UseCompressedClassPointers               = true                           {product lp64_product} {ergonomic}
     bool UseCompressedOops                        = true                           {product lp64_product} {ergonomic}
     bool UseG1GC                                  = true                                      {product} {ergonomic}
     bool UseLargePagesIndividualAllocation        = false                                  {pd product} {ergonomic}

Logging:
Log output configuration:
 #0: stdout all=warning uptime,level,tags
 #1: stderr all=off uptime,level,tags

Environment Variables:
PATH=C:\Program Files (x86)\Common Files\Oracle\Java\javapath;C:\Program Files\MySQL\MySQL Shell 8.0\bin\;C:\flutter\bin;C:\Users\ayash\flutter\bin;C:\Program Files\Flutter\bin;D:\Flutter\bin;D:\Flutter;D:\Viual Studio Code\Microsoft VS Code\bin;C:\Users\ayash\AppData\Local\Microsoft\WindowsApps;D:\Intiliji\Program\Intiliji Program\IntelliJ IDEA Community Edition 2021.1.2\bin;D:\Git Program\Git\cmd;C:\Program Files\PowerShell\7\;C:\Program Files\MySQL\MySQL Shell 8.0\bin\;C:\flutter\bin;C:\Users\ayash\flutter\bin;C:\Program Files\Flutter\bin;D:\Flutter\bin;D:\Flutter;D:\Viual Studio Code\Microsoft VS Code\bin;C:\Users\ayash\AppData\Local\Microsoft\WindowsApps;D:\Intiliji\Program\Intiliji Program\IntelliJ IDEA Community Edition 2021.1.2\bin;;D:\Cmder Program;
USERNAME=ayash
OS=Windows_NT
PROCESSOR_IDENTIFIER=Intel64 Family 6 Model 142 Stepping 10, GenuineIntel



---------------  S Y S T E M  ---------------

OS:
 Windows 10 , 64 bit Build 19041 (10.0.19041.1202)
OS uptime: 1 days 5:34 hours
Hyper-V role detected

CPU: total 8 (initial active 8) (4 cores per cpu, 2 threads per core) family 6 model 142 stepping 10 microcode 0xd6, cx8, cmov, fxsr, ht, mmx, 3dnowpref, sse, sse2, sse3, ssse3, sse4.1, sse4.2, popcnt, lzcnt, tsc, tscinvbit, avx, avx2, aes, erms, clmul, bmi1, bmi2, adx, fma, vzeroupper, clflush, clflushopt, hv

Memory: 4k page, system-wide physical 8066M (557M free)
TotalPageFile size 13355M (AvailPageFile size 274M)
current process WorkingSet (physical memory assigned to process): 286M, peak: 286M
current process commit charge ("private bytes"): 366M, peak: 402M

vm_info: OpenJDK 64-Bit Server VM (17.0.1+12-39) for windows-amd64 JRE (17.0.1+12-39), built on Sep 27 2021 18:39:29 by "mach5one" with MS VC++ 16.8 (VS2019)

END.
